<?xml version="1.0" encoding="UTF-8"?>
<!-- Generated by org.testng.reporters.JUnitReportReporter -->
<testsuite skipped="0" hostname="LAPTOP-8VD40C3U" name="script.TestHomePage" tests="1" failures="0" timestamp="2020-09-15T10:47:58 IST" time="24.039" errors="0">
  <testcase name="TestUser" time="24.039" classname="script.TestHomePage"/>
  <system-out/>
</testsuite> <!-- script.TestHomePage -->
